ERROR	2022/05/08 01:16:57 handlers.go:24: open ./ui/html/pages/home.tmpl: no such file or directory
ERROR	2022/05/08 01:16:57 server.go:3195: http: panic serving [::1]:59086: runtime error: invalid memory address or nil pointer dereference
goroutine 6 [running]:
net/http.(*conn).serve.func1()
	/usr/local/go/src/net/http/server.go:1825 +0xbf
panic({0x70da20, 0x9c4740})
	/usr/local/go/src/runtime/panic.go:844 +0x258
html/template.(*Template).lookupAndEscapeTemplate(0x0, {0x754fa8, 0x4})
	/usr/local/go/src/html/template/template.go:146 +0x50
html/template.(*Template).ExecuteTemplate(0x7e9218?, {0x7e7300, 0xc0001600e0}, {0x754fa8?, 0x45fa4b?}, {0x0, 0x0})
	/usr/local/go/src/html/template/template.go:135 +0x38
main.(*application).home(0xc000012ce0, {0x7e9218?, 0xc0001600e0}, 0x4e3389?)
	/home/rich/Desktop/dev/go/snippetbox/cmd/web/handlers.go:28 +0x1a5
net/http.HandlerFunc.ServeHTTP(0x7f77b9bbdea8?, {0x7e9218?, 0xc0001600e0?}, 0x40ece5?)
	/usr/local/go/src/net/http/server.go:2084 +0x2f
net/http.(*ServeMux).ServeHTTP(0x0?, {0x7e9218, 0xc0001600e0}, 0xc000164100)
	/usr/local/go/src/net/http/server.go:2462 +0x149
net/http.serverHandler.ServeHTTP({0xc00010b1a0?}, {0x7e9218, 0xc0001600e0}, 0xc000164100)
	/usr/local/go/src/net/http/server.go:2916 +0x43b
net/http.(*conn).serve(0xc00011ae60, {0x7e9470, 0xc00010b0b0})
	/usr/local/go/src/net/http/server.go:1966 +0x5d7
created by net/http.(*Server).Serve
	/usr/local/go/src/net/http/server.go:3071 +0x4db
signal: interrupt
